<?xml version="1.0" encoding="utf-8" standalone="no"?>
<test-run id="2" testcasecount="69" result="Passed" total="69" passed="67" failed="0" inconclusive="0" skipped="2" asserts="116" engine-version="3.7.0.0" clr-version="4.0.30319.42000" start-time="2017-07-28 06:28:30Z" end-time="2017-07-28 06:28:35Z" duration="4.226850">
  <command-line><![CDATA[packages\NUnit.ConsoleRunner.3.7.0\tools\nunit3-console.exe  bin\Debug\UpliftTesting.dll]]></command-line>
  <test-suite type="Assembly" id="0-1078" name="UpliftTesting.dll" fullname="C:\Users\Paul\Documents\Work\uplift\UpliftTesting\bin\Debug\UpliftTesting.dll" runstate="Runnable" testcasecount="69" result="Passed" start-time="2017-07-28 06:28:32Z" end-time="2017-07-28 06:28:35Z" duration="2.316615" total="69" passed="67" failed="0" inconclusive="0" skipped="2" asserts="116">
    <environment framework-version="3.5.0.0" clr-version="4.0.30319.42000" os-version="Microsoft Windows NT 10.0.15063.0" platform="Win32NT" cwd="C:\Users\Paul\Documents\Work\uplift\UpliftTesting" machine-name="PC_PAUL" user="Paul" user-domain="PC_PAUL" culture="fr-FR" uiculture="fr-FR" os-architecture="x64" />
    <settings>
      <setting name="DisposeRunners" value="True" />
      <setting name="WorkDirectory" value="C:\Users\Paul\Documents\Work\uplift\UpliftTesting" />
      <setting name="ImageRuntimeVersion" value="4.0.30319" />
      <setting name="ImageTargetFrameworkName" value=".NETFramework,Version=v4.5" />
      <setting name="ImageRequiresX86" value="False" />
      <setting name="ImageRequiresDefaultAppDomainAssemblyResolver" value="False" />
    </settings>
    <properties>
      <property name="_PID" value="15400" />
      <property name="_APPDOMAIN" value="domain-" />
    </properties>
    <test-suite type="TestSuite" id="0-1079" name="UpliftTesting" fullname="UpliftTesting" runstate="Runnable" testcasecount="69" result="Passed" start-time="2017-07-28 06:28:32Z" end-time="2017-07-28 06:28:35Z" duration="2.245602" total="69" passed="67" failed="0" inconclusive="0" skipped="2" asserts="116">
      <test-suite type="TestSuite" id="0-1080" name="UnitTesting" fullname="UpliftTesting.UnitTesting" runstate="Runnable" testcasecount="69" result="Passed" start-time="2017-07-28 06:28:32Z" end-time="2017-07-28 06:28:35Z" duration="2.233718" total="69" passed="67" failed="0" inconclusive="0" skipped="2" asserts="116">
        <test-suite type="TestFixture" id="0-1000" name="FileRepositoryTest" fullname="UpliftTesting.UnitTesting.FileRepositoryTest" classname="UpliftTesting.UnitTesting.FileRepositoryTest" runstate="Runnable" testcasecount="5" result="Passed" start-time="2017-07-28 06:28:32Z" end-time="2017-07-28 06:28:33Z" duration="0.708690" total="5" passed="5" failed="0" inconclusive="0" skipped="0" asserts="15">
          <test-case id="0-1005" name="DownloadPackageFromBadFormatTest" fullname="UpliftTesting.UnitTesting.FileRepositoryTest.DownloadPackageFromBadFormatTest" methodname="DownloadPackageFromBadFormatTest" classname="UpliftTesting.UnitTesting.FileRepositoryTest" runstate="Runnable" seed="950855200" result="Passed" start-time="2017-07-28 06:28:32Z" end-time="2017-07-28 06:28:32Z" duration="0.020075" asserts="2" />
          <test-case id="0-1003" name="DownloadPackageFromDirectoryTest" fullname="UpliftTesting.UnitTesting.FileRepositoryTest.DownloadPackageFromDirectoryTest" methodname="DownloadPackageFromDirectoryTest" classname="UpliftTesting.UnitTesting.FileRepositoryTest" runstate="Runnable" seed="157753640" result="Passed" start-time="2017-07-28 06:28:33Z" end-time="2017-07-28 06:28:33Z" duration="0.016476" asserts="2" />
          <test-case id="0-1004" name="DownloadPackageFromUnityPackageTest" fullname="UpliftTesting.UnitTesting.FileRepositoryTest.DownloadPackageFromUnityPackageTest" methodname="DownloadPackageFromUnityPackageTest" classname="UpliftTesting.UnitTesting.FileRepositoryTest" runstate="Runnable" seed="932285531" result="Passed" start-time="2017-07-28 06:28:33Z" end-time="2017-07-28 06:28:33Z" duration="0.049286" asserts="4" />
          <test-case id="0-1002" name="ListPackagesFromDirectoriesTest" fullname="UpliftTesting.UnitTesting.FileRepositoryTest.ListPackagesFromDirectoriesTest" methodname="ListPackagesFromDirectoriesTest" classname="UpliftTesting.UnitTesting.FileRepositoryTest" runstate="Runnable" seed="2107579991" result="Passed" start-time="2017-07-28 06:28:33Z" end-time="2017-07-28 06:28:33Z" duration="0.541383" asserts="4" />
          <test-case id="0-1001" name="ListPackagesFromUnityPackagesTest" fullname="UpliftTesting.UnitTesting.FileRepositoryTest.ListPackagesFromUnityPackagesTest" methodname="ListPackagesFromUnityPackagesTest" classname="UpliftTesting.UnitTesting.FileRepositoryTest" runstate="Runnable" seed="1529879714" result="Passed" start-time="2017-07-28 06:28:33Z" end-time="2017-07-28 06:28:33Z" duration="0.005007" asserts="3" />
        </test-suite>
        <test-suite type="TestFixture" id="0-1021" name="FileSystemUtilsTest" fullname="UpliftTesting.UnitTesting.FileSystemUtilsTest" classname="UpliftTesting.UnitTesting.FileSystemUtilsTest" runstate="Runnable" testcasecount="20" result="Passed" start-time="2017-07-28 06:28:33Z" end-time="2017-07-28 06:28:33Z" duration="0.310226" total="20" passed="18" failed="0" inconclusive="0" skipped="2" asserts="19">
          <test-case id="0-1039" name="CopyAndIgnoreDirectoryTest" fullname="UpliftTesting.UnitTesting.FileSystemUtilsTest.CopyAndIgnoreDirectoryTest" methodname="CopyAndIgnoreDirectoryTest" classname="UpliftTesting.UnitTesting.FileSystemUtilsTest" runstate="Runnable" seed="274546035" result="Passed" start-time="2017-07-28 06:28:33Z" end-time="2017-07-28 06:28:33Z" duration="0.004408" asserts="2" />
          <test-case id="0-1038" name="CopyDirectoryRecursivelyTest" fullname="UpliftTesting.UnitTesting.FileSystemUtilsTest.CopyDirectoryRecursivelyTest" methodname="CopyDirectoryRecursivelyTest" classname="UpliftTesting.UnitTesting.FileSystemUtilsTest" runstate="Runnable" seed="795438512" result="Passed" start-time="2017-07-28 06:28:33Z" end-time="2017-07-28 06:28:33Z" duration="0.002744" asserts="1" />
          <test-case id="0-1036" name="CopyDirectoryTest" fullname="UpliftTesting.UnitTesting.FileSystemUtilsTest.CopyDirectoryTest" methodname="CopyDirectoryTest" classname="UpliftTesting.UnitTesting.FileSystemUtilsTest" runstate="Runnable" seed="1109969929" result="Passed" start-time="2017-07-28 06:28:33Z" end-time="2017-07-28 06:28:33Z" duration="0.001432" asserts="1" />
          <test-case id="0-1037" name="CopyToExitstingDirectoryTest" fullname="UpliftTesting.UnitTesting.FileSystemUtilsTest.CopyToExitstingDirectoryTest" methodname="CopyToExitstingDirectoryTest" classname="UpliftTesting.UnitTesting.FileSystemUtilsTest" runstate="Runnable" seed="750373202" result="Passed" start-time="2017-07-28 06:28:33Z" end-time="2017-07-28 06:28:33Z" duration="0.001612" asserts="1" />
          <test-case id="0-1023" name="EnsureMissingParentExistsTest" fullname="UpliftTesting.UnitTesting.FileSystemUtilsTest.EnsureMissingParentExistsTest" methodname="EnsureMissingParentExistsTest" classname="UpliftTesting.UnitTesting.FileSystemUtilsTest" runstate="Runnable" seed="311442456" result="Passed" start-time="2017-07-28 06:28:33Z" end-time="2017-07-28 06:28:33Z" duration="0.001193" asserts="1" />
          <test-case id="0-1024" name="EnsurePresentParentExistsTest" fullname="UpliftTesting.UnitTesting.FileSystemUtilsTest.EnsurePresentParentExistsTest" methodname="EnsurePresentParentExistsTest" classname="UpliftTesting.UnitTesting.FileSystemUtilsTest" runstate="Runnable" seed="735478067" result="Passed" start-time="2017-07-28 06:28:33Z" end-time="2017-07-28 06:28:33Z" duration="0.001102" asserts="1" />
          <test-case id="0-1025" name="GetAbsolutePathTest" fullname="UpliftTesting.UnitTesting.FileSystemUtilsTest.GetAbsolutePathTest" methodname="GetAbsolutePathTest" classname="UpliftTesting.UnitTesting.FileSystemUtilsTest" runstate="Runnable" seed="1138952272" result="Passed" start-time="2017-07-28 06:28:33Z" end-time="2017-07-28 06:28:33Z" duration="0.001672" asserts="1" />
          <test-case id="0-1026" name="GetAbsolutePathTestFail" fullname="UpliftTesting.UnitTesting.FileSystemUtilsTest.GetAbsolutePathTestFail" methodname="GetAbsolutePathTestFail" classname="UpliftTesting.UnitTesting.FileSystemUtilsTest" runstate="Runnable" seed="1933466250" result="Passed" start-time="2017-07-28 06:28:33Z" end-time="2017-07-28 06:28:33Z" duration="0.000867" asserts="1" />
          <test-case id="0-1034" name="GetFilesEmptyTest" fullname="UpliftTesting.UnitTesting.FileSystemUtilsTest.GetFilesEmptyTest" methodname="GetFilesEmptyTest" classname="UpliftTesting.UnitTesting.FileSystemUtilsTest" runstate="Runnable" seed="1930595164" result="Passed" start-time="2017-07-28 06:28:33Z" end-time="2017-07-28 06:28:33Z" duration="0.004043" asserts="1" />
          <test-case id="0-1035" name="GetFilesFromNonExistentDirectoryTest" fullname="UpliftTesting.UnitTesting.FileSystemUtilsTest.GetFilesFromNonExistentDirectoryTest" methodname="GetFilesFromNonExistentDirectoryTest" classname="UpliftTesting.UnitTesting.FileSystemUtilsTest" runstate="Runnable" seed="1109552950" result="Passed" start-time="2017-07-28 06:28:33Z" end-time="2017-07-28 06:28:33Z" duration="0.000320" asserts="1" />
          <test-case id="0-1033" name="GetFilesRecursivelyTest" fullname="UpliftTesting.UnitTesting.FileSystemUtilsTest.GetFilesRecursivelyTest" methodname="GetFilesRecursivelyTest" classname="UpliftTesting.UnitTesting.FileSystemUtilsTest" runstate="Runnable" seed="1056041434" result="Passed" start-time="2017-07-28 06:28:33Z" end-time="2017-07-28 06:28:33Z" duration="0.005446" asserts="1" />
          <test-case id="0-1032" name="GetFilesTest" fullname="UpliftTesting.UnitTesting.FileSystemUtilsTest.GetFilesTest" methodname="GetFilesTest" classname="UpliftTesting.UnitTesting.FileSystemUtilsTest" runstate="Runnable" seed="1291477630" result="Passed" start-time="2017-07-28 06:28:33Z" end-time="2017-07-28 06:28:33Z" duration="0.003108" asserts="1" />
          <test-case id="0-1022" name="JoinPathsTest" fullname="UpliftTesting.UnitTesting.FileSystemUtilsTest.JoinPathsTest" methodname="JoinPathsTest" classname="UpliftTesting.UnitTesting.FileSystemUtilsTest" runstate="Runnable" seed="1192824118" result="Passed" start-time="2017-07-28 06:28:33Z" end-time="2017-07-28 06:28:33Z" duration="0.000465" asserts="1" />
          <test-case id="0-1028" name="ReadTxtInFileTest" fullname="UpliftTesting.UnitTesting.FileSystemUtilsTest.ReadTxtInFileTest" methodname="ReadTxtInFileTest" classname="UpliftTesting.UnitTesting.FileSystemUtilsTest" runstate="Runnable" seed="457636776" result="Passed" start-time="2017-07-28 06:28:33Z" end-time="2017-07-28 06:28:33Z" duration="0.002245" asserts="1" />
          <test-case id="0-1030" name="RecursivelyDirPathsTestLinux" fullname="UpliftTesting.UnitTesting.FileSystemUtilsTest.RecursivelyDirPathsTestLinux" methodname="RecursivelyDirPathsTestLinux" classname="UpliftTesting.UnitTesting.FileSystemUtilsTest" runstate="Skipped" seed="1502402173" result="Skipped" start-time="2017-07-28 06:28:33Z" end-time="2017-07-28 06:28:33Z" duration="0.000900" asserts="0">
            <properties>
              <property name="_SKIPREASON" value="Only supported on Linux" />
            </properties>
            <reason>
              <message><![CDATA[Only supported on Linux]]></message>
            </reason>
          </test-case>
          <test-case id="0-1031" name="RecursivelyDirPathsTestMac" fullname="UpliftTesting.UnitTesting.FileSystemUtilsTest.RecursivelyDirPathsTestMac" methodname="RecursivelyDirPathsTestMac" classname="UpliftTesting.UnitTesting.FileSystemUtilsTest" runstate="Skipped" seed="955708110" result="Skipped" start-time="2017-07-28 06:28:33Z" end-time="2017-07-28 06:28:33Z" duration="0.000039" asserts="0">
            <properties>
              <property name="_SKIPREASON" value="Not supported on Win,Linux" />
            </properties>
            <reason>
              <message><![CDATA[Not supported on Win,Linux]]></message>
            </reason>
          </test-case>
          <test-case id="0-1029" name="RecursivelyDirPathsTestWindows" fullname="UpliftTesting.UnitTesting.FileSystemUtilsTest.RecursivelyDirPathsTestWindows" methodname="RecursivelyDirPathsTestWindows" classname="UpliftTesting.UnitTesting.FileSystemUtilsTest" runstate="Runnable" seed="524219013" result="Passed" start-time="2017-07-28 06:28:33Z" end-time="2017-07-28 06:28:33Z" duration="0.003086" asserts="1" />
          <test-case id="0-1041" name="RecursivelyListFilesRelativeTest" fullname="UpliftTesting.UnitTesting.FileSystemUtilsTest.RecursivelyListFilesRelativeTest" methodname="RecursivelyListFilesRelativeTest" classname="UpliftTesting.UnitTesting.FileSystemUtilsTest" runstate="Runnable" seed="1612844687" result="Passed" start-time="2017-07-28 06:28:33Z" end-time="2017-07-28 06:28:33Z" duration="0.005633" asserts="1" />
          <test-case id="0-1040" name="RecursivelyListFilesTest" fullname="UpliftTesting.UnitTesting.FileSystemUtilsTest.RecursivelyListFilesTest" methodname="RecursivelyListFilesTest" classname="UpliftTesting.UnitTesting.FileSystemUtilsTest" runstate="Runnable" seed="483820274" result="Passed" start-time="2017-07-28 06:28:33Z" end-time="2017-07-28 06:28:33Z" duration="0.004564" asserts="1" />
          <test-case id="0-1027" name="SaveTxtInFileTest" fullname="UpliftTesting.UnitTesting.FileSystemUtilsTest.SaveTxtInFileTest" methodname="SaveTxtInFileTest" classname="UpliftTesting.UnitTesting.FileSystemUtilsTest" runstate="Runnable" seed="1747235745" result="Passed" start-time="2017-07-28 06:28:33Z" end-time="2017-07-28 06:28:33Z" duration="0.002134" asserts="1" />
        </test-suite>
        <test-suite type="TestFixture" id="0-1006" name="GetterSetterTest" fullname="UpliftTesting.UnitTesting.GetterSetterTest" classname="UpliftTesting.UnitTesting.GetterSetterTest" runstate="Runnable" testcasecount="2" result="Passed" start-time="2017-07-28 06:28:34Z" end-time="2017-07-28 06:28:34Z" duration="0.218170" total="2" passed="2" failed="0" inconclusive="0" skipped="0" asserts="10">
          <test-case id="0-1007" name="ConfigurationPropertiesTest" fullname="UpliftTesting.UnitTesting.GetterSetterTest.ConfigurationPropertiesTest" methodname="ConfigurationPropertiesTest" classname="UpliftTesting.UnitTesting.GetterSetterTest" runstate="Runnable" seed="80924011" result="Passed" start-time="2017-07-28 06:28:34Z" end-time="2017-07-28 06:28:34Z" duration="0.184996" asserts="6" />
          <test-case id="0-1008" name="DependencyDefinitionPropertiesTest" fullname="UpliftTesting.UnitTesting.GetterSetterTest.DependencyDefinitionPropertiesTest" methodname="DependencyDefinitionPropertiesTest" classname="UpliftTesting.UnitTesting.GetterSetterTest" runstate="Runnable" seed="983108411" result="Passed" start-time="2017-07-28 06:28:34Z" end-time="2017-07-28 06:28:34Z" duration="0.006920" asserts="4" />
        </test-suite>
        <test-suite type="TestFixture" id="0-1009" name="InstalledPackagesTest" fullname="UpliftTesting.UnitTesting.InstalledPackagesTest" classname="UpliftTesting.UnitTesting.InstalledPackagesTest" runstate="Runnable" testcasecount="1" result="Passed" start-time="2017-07-28 06:28:34Z" end-time="2017-07-28 06:28:34Z" duration="0.018771" total="1" passed="1" failed="0" inconclusive="0" skipped="0" asserts="1">
          <test-case id="0-1010" name="NukeRootInstallTest" fullname="UpliftTesting.UnitTesting.InstalledPackagesTest.NukeRootInstallTest" methodname="NukeRootInstallTest" classname="UpliftTesting.UnitTesting.InstalledPackagesTest" runstate="Runnable" seed="1747650447" result="Passed" start-time="2017-07-28 06:28:34Z" end-time="2017-07-28 06:28:34Z" duration="0.005464" asserts="1" />
        </test-suite>
        <test-suite type="TestFixture" id="0-1011" name="LatestSelectionStrategyTest" fullname="UpliftTesting.UnitTesting.LatestSelectionStrategyTest" classname="UpliftTesting.UnitTesting.LatestSelectionStrategyTest" runstate="Runnable" testcasecount="1" result="Passed" start-time="2017-07-28 06:28:34Z" end-time="2017-07-28 06:28:34Z" duration="0.037675" total="1" passed="1" failed="0" inconclusive="0" skipped="0" asserts="1">
          <test-case id="0-1012" name="FilterTest" fullname="UpliftTesting.UnitTesting.LatestSelectionStrategyTest.FilterTest" methodname="FilterTest" classname="UpliftTesting.UnitTesting.LatestSelectionStrategyTest" runstate="Runnable" seed="1396722272" result="Passed" start-time="2017-07-28 06:28:34Z" end-time="2017-07-28 06:28:34Z" duration="0.024053" asserts="1" />
        </test-suite>
        <test-suite type="TestFixture" id="0-1042" name="PackageHandlerTest" fullname="UpliftTesting.UnitTesting.PackageHandlerTest" classname="UpliftTesting.UnitTesting.PackageHandlerTest" runstate="Runnable" testcasecount="9" result="Passed" start-time="2017-07-28 06:28:34Z" end-time="2017-07-28 06:28:34Z" duration="0.295111" total="9" passed="9" failed="0" inconclusive="0" skipped="0" asserts="24">
          <test-case id="0-1043" name="FindCandidateForDefinitionTest" fullname="UpliftTesting.UnitTesting.PackageHandlerTest.FindCandidateForDefinitionTest" methodname="FindCandidateForDefinitionTest" classname="UpliftTesting.UnitTesting.PackageHandlerTest" runstate="Runnable" seed="1339365503" result="Passed" start-time="2017-07-28 06:28:34Z" end-time="2017-07-28 06:28:34Z" duration="0.124436" asserts="3" />
          <test-case id="0-1044" name="FindPackageAndRepositoryTest" fullname="UpliftTesting.UnitTesting.PackageHandlerTest.FindPackageAndRepositoryTest" methodname="FindPackageAndRepositoryTest" classname="UpliftTesting.UnitTesting.PackageHandlerTest" runstate="Runnable" seed="1407070188" result="Passed" start-time="2017-07-28 06:28:34Z" end-time="2017-07-28 06:28:34Z" duration="0.002218" asserts="1" />
          <test-case id="0-1045" name="FindPackageAndRepositoryTestFail" fullname="UpliftTesting.UnitTesting.PackageHandlerTest.FindPackageAndRepositoryTestFail" methodname="FindPackageAndRepositoryTestFail" classname="UpliftTesting.UnitTesting.PackageHandlerTest" runstate="Runnable" seed="289536715" result="Passed" start-time="2017-07-28 06:28:34Z" end-time="2017-07-28 06:28:34Z" duration="0.000393" asserts="1" />
          <test-case id="0-1051" name="PackageDependencyVersionComparison" fullname="UpliftTesting.UnitTesting.PackageHandlerTest.PackageDependencyVersionComparison" methodname="PackageDependencyVersionComparison" classname="UpliftTesting.UnitTesting.PackageHandlerTest" runstate="Runnable" seed="429043494" result="Passed" start-time="2017-07-28 06:28:34Z" end-time="2017-07-28 06:28:34Z" duration="0.000505" asserts="1" />
          <test-case id="0-1047" name="SelectCandidatesMultipleStrategies" fullname="UpliftTesting.UnitTesting.PackageHandlerTest.SelectCandidatesMultipleStrategies" methodname="SelectCandidatesMultipleStrategies" classname="UpliftTesting.UnitTesting.PackageHandlerTest" runstate="Runnable" seed="907679372" result="Passed" start-time="2017-07-28 06:28:34Z" end-time="2017-07-28 06:28:34Z" duration="0.046907" asserts="3" />
          <test-case id="0-1046" name="SelectCandidatesSingleStrategy" fullname="UpliftTesting.UnitTesting.PackageHandlerTest.SelectCandidatesSingleStrategy" methodname="SelectCandidatesSingleStrategy" classname="UpliftTesting.UnitTesting.PackageHandlerTest" runstate="Runnable" seed="1376236127" result="Passed" start-time="2017-07-28 06:28:34Z" end-time="2017-07-28 06:28:34Z" duration="0.004311" asserts="3" />
          <test-case id="0-1050" name="VersionComparisonTest" fullname="UpliftTesting.UnitTesting.PackageHandlerTest.VersionComparisonTest" methodname="VersionComparisonTest" classname="UpliftTesting.UnitTesting.PackageHandlerTest" runstate="Runnable" seed="1719865144" result="Passed" start-time="2017-07-28 06:28:34Z" end-time="2017-07-28 06:28:34Z" duration="0.001306" asserts="7" />
          <test-case id="0-1049" name="VersionParsingFailureTest" fullname="UpliftTesting.UnitTesting.PackageHandlerTest.VersionParsingFailureTest" methodname="VersionParsingFailureTest" classname="UpliftTesting.UnitTesting.PackageHandlerTest" runstate="Runnable" seed="164140870" result="Passed" start-time="2017-07-28 06:28:34Z" end-time="2017-07-28 06:28:34Z" duration="0.004081" asserts="1" />
          <test-case id="0-1048" name="VersionStringParsingTest" fullname="UpliftTesting.UnitTesting.PackageHandlerTest.VersionStringParsingTest" methodname="VersionStringParsingTest" classname="UpliftTesting.UnitTesting.PackageHandlerTest" runstate="Runnable" seed="973844630" result="Passed" start-time="2017-07-28 06:28:34Z" end-time="2017-07-28 06:28:34Z" duration="0.000715" asserts="4" />
        </test-suite>
        <test-suite type="TestFixture" id="0-1013" name="PackageListTest" fullname="UpliftTesting.UnitTesting.PackageListTest" classname="UpliftTesting.UnitTesting.PackageListTest" runstate="Runnable" testcasecount="7" result="Passed" start-time="2017-07-28 06:28:34Z" end-time="2017-07-28 06:28:34Z" duration="0.105321" total="7" passed="7" failed="0" inconclusive="0" skipped="0" asserts="14">
          <test-case id="0-1015" name="GetEmptyPackagesTest" fullname="UpliftTesting.UnitTesting.PackageListTest.GetEmptyPackagesTest" methodname="GetEmptyPackagesTest" classname="UpliftTesting.UnitTesting.PackageListTest" runstate="Runnable" seed="91978378" result="Passed" start-time="2017-07-28 06:28:34Z" end-time="2017-07-28 06:28:34Z" duration="0.000996" asserts="1" />
          <test-case id="0-1020" name="GetLatestPackageTest" fullname="UpliftTesting.UnitTesting.PackageListTest.GetLatestPackageTest" methodname="GetLatestPackageTest" classname="UpliftTesting.UnitTesting.PackageListTest" runstate="Runnable" seed="2039604408" result="Passed" start-time="2017-07-28 06:28:34Z" end-time="2017-07-28 06:28:34Z" duration="0.003636" asserts="1" />
          <test-case id="0-1019" name="LoadPackagesForceRefreshTest" fullname="UpliftTesting.UnitTesting.PackageListTest.LoadPackagesForceRefreshTest" methodname="LoadPackagesForceRefreshTest" classname="UpliftTesting.UnitTesting.PackageListTest" runstate="Runnable" seed="554123978" result="Passed" start-time="2017-07-28 06:28:34Z" end-time="2017-07-28 06:28:34Z" duration="0.008357" asserts="4" />
          <test-case id="0-1018" name="LoadPackagesMultipleRepoTest" fullname="UpliftTesting.UnitTesting.PackageListTest.LoadPackagesMultipleRepoTest" methodname="LoadPackagesMultipleRepoTest" classname="UpliftTesting.UnitTesting.PackageListTest" runstate="Runnable" seed="1557878797" result="Passed" start-time="2017-07-28 06:28:34Z" end-time="2017-07-28 06:28:34Z" duration="0.003123" asserts="4" />
          <test-case id="0-1016" name="LoadPackagesSingleRepoTest" fullname="UpliftTesting.UnitTesting.PackageListTest.LoadPackagesSingleRepoTest" methodname="LoadPackagesSingleRepoTest" classname="UpliftTesting.UnitTesting.PackageListTest" runstate="Runnable" seed="1182882781" result="Passed" start-time="2017-07-28 06:28:34Z" end-time="2017-07-28 06:28:34Z" duration="0.001633" asserts="1" />
          <test-case id="0-1014" name="PackageListUniqueInstanceTest" fullname="UpliftTesting.UnitTesting.PackageListTest.PackageListUniqueInstanceTest" methodname="PackageListUniqueInstanceTest" classname="UpliftTesting.UnitTesting.PackageListTest" runstate="Runnable" seed="356766223" result="Passed" start-time="2017-07-28 06:28:34Z" end-time="2017-07-28 06:28:34Z" duration="0.000815" asserts="1" />
          <test-case id="0-1017" name="RefreshPackagesTest" fullname="UpliftTesting.UnitTesting.PackageListTest.RefreshPackagesTest" methodname="RefreshPackagesTest" classname="UpliftTesting.UnitTesting.PackageListTest" runstate="Runnable" seed="2018484944" result="Passed" start-time="2017-07-28 06:28:34Z" end-time="2017-07-28 06:28:34Z" duration="0.001826" asserts="2" />
        </test-suite>
        <test-suite type="TestFixture" id="0-1052" name="UpbringTest" fullname="UpliftTesting.UnitTesting.UpbringTest" classname="UpliftTesting.UnitTesting.UpbringTest" runstate="Runnable" testcasecount="11" result="Passed" start-time="2017-07-28 06:28:34Z" end-time="2017-07-28 06:28:34Z" duration="0.213337" total="11" passed="11" failed="0" inconclusive="0" skipped="0" asserts="15">
          <test-case id="0-1055" name="AddExistingPackageTest" fullname="UpliftTesting.UnitTesting.UpbringTest.AddExistingPackageTest" methodname="AddExistingPackageTest" classname="UpliftTesting.UnitTesting.UpbringTest" runstate="Runnable" seed="751045134" result="Passed" start-time="2017-07-28 06:28:34Z" end-time="2017-07-28 06:28:34Z" duration="0.002287" asserts="1" />
          <test-case id="0-1059" name="AddLocationNoMatchingPackage" fullname="UpliftTesting.UnitTesting.UpbringTest.AddLocationNoMatchingPackage" methodname="AddLocationNoMatchingPackage" classname="UpliftTesting.UnitTesting.UpbringTest" runstate="Runnable" seed="2041107514" result="Passed" start-time="2017-07-28 06:28:34Z" end-time="2017-07-28 06:28:34Z" duration="0.001331" asserts="1" />
          <test-case id="0-1057" name="AddLocationWhenAnotherTest" fullname="UpliftTesting.UnitTesting.UpbringTest.AddLocationWhenAnotherTest" methodname="AddLocationWhenAnotherTest" classname="UpliftTesting.UnitTesting.UpbringTest" runstate="Runnable" seed="957959977" result="Passed" start-time="2017-07-28 06:28:34Z" end-time="2017-07-28 06:28:34Z" duration="0.000779" asserts="1" />
          <test-case id="0-1058" name="AddLocationWhenExistingTest" fullname="UpliftTesting.UnitTesting.UpbringTest.AddLocationWhenExistingTest" methodname="AddLocationWhenExistingTest" classname="UpliftTesting.UnitTesting.UpbringTest" runstate="Runnable" seed="33018695" result="Passed" start-time="2017-07-28 06:28:34Z" end-time="2017-07-28 06:28:34Z" duration="0.000575" asserts="1" />
          <test-case id="0-1056" name="AddLocationWhenNoneTest" fullname="UpliftTesting.UnitTesting.UpbringTest.AddLocationWhenNoneTest" methodname="AddLocationWhenNoneTest" classname="UpliftTesting.UnitTesting.UpbringTest" runstate="Runnable" seed="1878253289" result="Passed" start-time="2017-07-28 06:28:34Z" end-time="2017-07-28 06:28:34Z" duration="0.000449" asserts="1" />
          <test-case id="0-1054" name="AddPackageTest" fullname="UpliftTesting.UnitTesting.UpbringTest.AddPackageTest" methodname="AddPackageTest" classname="UpliftTesting.UnitTesting.UpbringTest" runstate="Runnable" seed="1179283950" result="Passed" start-time="2017-07-28 06:28:34Z" end-time="2017-07-28 06:28:34Z" duration="0.000948" asserts="2" />
          <test-case id="0-1061" name="FromXmlWhenAbsentTest" fullname="UpliftTesting.UnitTesting.UpbringTest.FromXmlWhenAbsentTest" methodname="FromXmlWhenAbsentTest" classname="UpliftTesting.UnitTesting.UpbringTest" runstate="Runnable" seed="1764090505" result="Passed" start-time="2017-07-28 06:28:34Z" end-time="2017-07-28 06:28:34Z" duration="0.037890" asserts="1" />
          <test-case id="0-1060" name="FromXmlWhenPresentTest" fullname="UpliftTesting.UnitTesting.UpbringTest.FromXmlWhenPresentTest" methodname="FromXmlWhenPresentTest" classname="UpliftTesting.UnitTesting.UpbringTest" runstate="Runnable" seed="666467920" result="Passed" start-time="2017-07-28 06:28:34Z" end-time="2017-07-28 06:28:34Z" duration="0.020653" asserts="2" />
          <test-case id="0-1053" name="GetInstalledPackageTest" fullname="UpliftTesting.UnitTesting.UpbringTest.GetInstalledPackageTest" methodname="GetInstalledPackageTest" classname="UpliftTesting.UnitTesting.UpbringTest" runstate="Runnable" seed="1343486589" result="Passed" start-time="2017-07-28 06:28:34Z" end-time="2017-07-28 06:28:34Z" duration="0.001474" asserts="1" />
          <test-case id="0-1063" name="RemoveFileTest" fullname="UpliftTesting.UnitTesting.UpbringTest.RemoveFileTest" methodname="RemoveFileTest" classname="UpliftTesting.UnitTesting.UpbringTest" runstate="Runnable" seed="390138593" result="Passed" start-time="2017-07-28 06:28:34Z" end-time="2017-07-28 06:28:34Z" duration="0.004829" asserts="2" />
          <test-case id="0-1062" name="SaveFileTest" fullname="UpliftTesting.UnitTesting.UpbringTest.SaveFileTest" methodname="SaveFileTest" classname="UpliftTesting.UnitTesting.UpbringTest" runstate="Runnable" seed="1179095905" result="Passed" start-time="2017-07-28 06:28:34Z" end-time="2017-07-28 06:28:34Z" duration="0.006237" asserts="2" />
        </test-suite>
        <test-suite type="TestFixture" id="0-1064" name="UpfileHandlerTest" fullname="UpliftTesting.UnitTesting.UpfileHandlerTest" classname="UpliftTesting.UnitTesting.UpfileHandlerTest" runstate="Runnable" testcasecount="13" result="Passed" start-time="2017-07-28 06:28:34Z" end-time="2017-07-28 06:28:35Z" duration="0.211761" total="13" passed="13" failed="0" inconclusive="0" skipped="0" asserts="17">
          <test-case id="0-1066" name="CheckForUpfileTest" fullname="UpliftTesting.UnitTesting.UpfileHandlerTest.CheckForUpfileTest" methodname="CheckForUpfileTest" classname="UpliftTesting.UnitTesting.UpfileHandlerTest" runstate="Runnable" seed="1697342372" result="Passed" start-time="2017-07-28 06:28:34Z" end-time="2017-07-28 06:28:34Z" duration="0.001911" asserts="1" />
          <test-case id="0-1067" name="CheckForUpfileTestFail" fullname="UpliftTesting.UnitTesting.UpfileHandlerTest.CheckForUpfileTestFail" methodname="CheckForUpfileTestFail" classname="UpliftTesting.UnitTesting.UpfileHandlerTest" runstate="Runnable" seed="535939685" result="Passed" start-time="2017-07-28 06:28:34Z" end-time="2017-07-28 06:28:34Z" duration="0.001013" asserts="1" />
          <test-case id="0-1075" name="GetDestinationDefaultTest" fullname="UpliftTesting.UnitTesting.UpfileHandlerTest.GetDestinationDefaultTest" methodname="GetDestinationDefaultTest" classname="UpliftTesting.UnitTesting.UpfileHandlerTest" runstate="Runnable" seed="900226595" result="Passed" start-time="2017-07-28 06:28:34Z" end-time="2017-07-28 06:28:34Z" duration="0.000963" asserts="1" />
          <test-case id="0-1071" name="GetDestinationForBaseTest" fullname="UpliftTesting.UnitTesting.UpfileHandlerTest.GetDestinationForBaseTest" methodname="GetDestinationForBaseTest" classname="UpliftTesting.UnitTesting.UpfileHandlerTest" runstate="Runnable" seed="23503713" result="Passed" start-time="2017-07-28 06:28:35Z" end-time="2017-07-28 06:28:35Z" duration="0.000374" asserts="1" />
          <test-case id="0-1072" name="GetDestinationForDocsTest" fullname="UpliftTesting.UnitTesting.UpfileHandlerTest.GetDestinationForDocsTest" methodname="GetDestinationForDocsTest" classname="UpliftTesting.UnitTesting.UpfileHandlerTest" runstate="Runnable" seed="89130568" result="Passed" start-time="2017-07-28 06:28:35Z" end-time="2017-07-28 06:28:35Z" duration="0.000412" asserts="1" />
          <test-case id="0-1073" name="GetDestinationForExamplesTest" fullname="UpliftTesting.UnitTesting.UpfileHandlerTest.GetDestinationForExamplesTest" methodname="GetDestinationForExamplesTest" classname="UpliftTesting.UnitTesting.UpfileHandlerTest" runstate="Runnable" seed="974788991" result="Passed" start-time="2017-07-28 06:28:35Z" end-time="2017-07-28 06:28:35Z" duration="0.000452" asserts="1" />
          <test-case id="0-1076" name="GetDestinationForGenericPluginTest" fullname="UpliftTesting.UnitTesting.UpfileHandlerTest.GetDestinationForGenericPluginTest" methodname="GetDestinationForGenericPluginTest" classname="UpliftTesting.UnitTesting.UpfileHandlerTest" runstate="Runnable" seed="652756321" result="Passed" start-time="2017-07-28 06:28:35Z" end-time="2017-07-28 06:28:35Z" duration="0.000974" asserts="2" />
          <test-case id="0-1077" name="GetDestinationForIOSPluginTest" fullname="UpliftTesting.UnitTesting.UpfileHandlerTest.GetDestinationForIOSPluginTest" methodname="GetDestinationForIOSPluginTest" classname="UpliftTesting.UnitTesting.UpfileHandlerTest" runstate="Runnable" seed="534128591" result="Passed" start-time="2017-07-28 06:28:35Z" end-time="2017-07-28 06:28:35Z" duration="0.000508" asserts="2" />
          <test-case id="0-1074" name="GetDestinationForMediaTest" fullname="UpliftTesting.UnitTesting.UpfileHandlerTest.GetDestinationForMediaTest" methodname="GetDestinationForMediaTest" classname="UpliftTesting.UnitTesting.UpfileHandlerTest" runstate="Runnable" seed="1131544775" result="Passed" start-time="2017-07-28 06:28:35Z" end-time="2017-07-28 06:28:35Z" duration="0.000544" asserts="1" />
          <test-case id="0-1070" name="GetPackagesRootPathTest" fullname="UpliftTesting.UnitTesting.UpfileHandlerTest.GetPackagesRootPathTest" methodname="GetPackagesRootPathTest" classname="UpliftTesting.UnitTesting.UpfileHandlerTest" runstate="Runnable" seed="800028322" result="Passed" start-time="2017-07-28 06:28:35Z" end-time="2017-07-28 06:28:35Z" duration="0.000318" asserts="1" />
          <test-case id="0-1069" name="LoadPackagesListTest" fullname="UpliftTesting.UnitTesting.UpfileHandlerTest.LoadPackagesListTest" methodname="LoadPackagesListTest" classname="UpliftTesting.UnitTesting.UpfileHandlerTest" runstate="Runnable" seed="1423836818" result="Passed" start-time="2017-07-28 06:28:35Z" end-time="2017-07-28 06:28:35Z" duration="0.001941" asserts="1" />
          <test-case id="0-1068" name="LoadUpfileTest" fullname="UpliftTesting.UnitTesting.UpfileHandlerTest.LoadUpfileTest" methodname="LoadUpfileTest" classname="UpliftTesting.UnitTesting.UpfileHandlerTest" runstate="Runnable" seed="1727261359" result="Passed" start-time="2017-07-28 06:28:35Z" end-time="2017-07-28 06:28:35Z" duration="0.003620" asserts="3" />
          <test-case id="0-1065" name="UpfileHandlerUniqueInstanceTest" fullname="UpliftTesting.UnitTesting.UpfileHandlerTest.UpfileHandlerUniqueInstanceTest" methodname="UpfileHandlerUniqueInstanceTest" classname="UpliftTesting.UnitTesting.UpfileHandlerTest" runstate="Runnable" seed="1779671340" result="Passed" start-time="2017-07-28 06:28:35Z" end-time="2017-07-28 06:28:35Z" duration="0.000228" asserts="1" />
        </test-suite>
      </test-suite>
    </test-suite>
  </test-suite>
</test-run>